<?xml version="1.0" encoding="UTF-8" ?>
<testsuite tests="1" failures="0" name="finalprojectB.UrlValidatorTest" time="0.048" errors="1" skipped="0">
  <properties>
[...]
</properties>
  <testcase classname="finalprojectB.UrlValidatorTest" name="testManualTest" time="0.048">
    <error type="java.lang.ExceptionInInitializerError">java.lang.ExceptionInInitializerError
	at finalprojectB.UrlValidator.isValidAuthority(UrlValidator.java:393)
	at finalprojectB.UrlValidator.isValid(UrlValidator.java:327)
	at finalprojectB.UrlValidatorTest.testManualTest(UrlValidatorTest.java:36)
	at java.base/jdk.internal.reflect.NativeMethodAccessorImpl.invoke0(Native Method)
	at java.base/jdk.internal.reflect.NativeMethodAccessorImpl.invoke(NativeMethodAccessorImpl.java:62)
	at java.base/jdk.internal.reflect.DelegatingMethodAccessorImpl.invoke(DelegatingMethodAccessorImpl.java:43)
	at java.base/java.lang.reflect.Method.invoke(Method.java:564)
	at junit.framework.TestCase.runTest(TestCase.java:176)
	at junit.framework.TestCase.runBare(TestCase.java:141)
	at junit.framework.TestResult$1.protect(TestResult.java:122)
	at junit.framework.TestResult.runProtected(TestResult.java:142)
	at junit.framework.TestResult.run(TestResult.java:125)
	at junit.framework.TestCase.run(TestCase.java:129)
	at junit.framework.TestSuite.runTest(TestSuite.java:252)
	at junit.framework.TestSuite.run(TestSuite.java:247)
	at org.junit.internal.runners.JUnit38ClassRunner.run(JUnit38ClassRunner.java:86)
	at org.apache.maven.surefire.junit4.JUnit4Provider.execute(JUnit4Provider.java:252)
	at org.apache.maven.surefire.junit4.JUnit4Provider.executeTestSet(JUnit4Provider.java:141)
	at org.apache.maven.surefire.junit4.JUnit4Provider.invoke(JUnit4Provider.java:112)
	at java.base/jdk.internal.reflect.NativeMethodAccessorImpl.invoke0(Native Method)
	at java.base/jdk.internal.reflect.NativeMethodAccessorImpl.invoke(NativeMethodAccessorImpl.java:62)
	at java.base/jdk.internal.reflect.DelegatingMethodAccessorImpl.invoke(DelegatingMethodAccessorImpl.java:43)
	at java.base/java.lang.reflect.Method.invoke(Method.java:564)
	at org.apache.maven.surefire.util.ReflectionUtils.invokeMethodWithArray(ReflectionUtils.java:189)
	at org.apache.maven.surefire.booter.ProviderFactory$ProviderProxy.invoke(ProviderFactory.java:165)
	at org.apache.maven.surefire.booter.ProviderFactory.invokeProvider(ProviderFactory.java:85)
	at org.apache.maven.surefire.booter.ForkedBooter.runSuitesInProcess(ForkedBooter.java:115)
	at org.apache.maven.surefire.booter.ForkedBooter.main(ForkedBooter.java:75)
Caused by: java.lang.IllegalArgumentException: Regular expressions are missing
	at finalprojectB.RegexValidator.&lt;init&gt;(RegexValidator.java:121)
	at finalprojectB.RegexValidator.&lt;init&gt;(RegexValidator.java:96)
	at finalprojectB.RegexValidator.&lt;init&gt;(RegexValidator.java:83)
	at finalprojectB.DomainValidator.&lt;init&gt;(DomainValidator.java:107)
	at finalprojectB.DomainValidator.&lt;clinit&gt;(DomainValidator.java:96)
	... 28 more
</error>
  </testcase>
</testsuite>